
max args: $ getconf ARG_MAX 2097152

$NONEXIST | $EMPTY && $BLANC || $NONEXIST && ""
$NONEXIST - there is no such var
$EMPTY : export EMPTY=
$BLANC: export BLANC="      "

IMPORTANT: do not forget "" empty Line

rm -rf new.file
touch <other.file
>new.file | <other.file <other.file <other.file <new.file echo SUCCESS
cat other.file
SUCCESS
rm -rf new.file
>other.file >other.file >new.file | <new.file echo FAIL_IF_NOT_ERROR


vicxptrv@VICTORIA:~/github/42Core-vvoronts/minishell$ ls |
> ls
valid in bash?


init_token()

t_tok token -> ft_calloc
token->lexeme -> ft_strndup

init_node()
t_node node -> ft_calloc
node->token -> token->lexeme